entity_onlinking.py:234: SyntaxWarning: name 'debug' is assigned to before global declaration
  global debug
DEBUG:soaplib.core.service:building public methods
DEBUG:soaplib._base:adding method '{entitylink}entitylinking'
entity_onlinking.py:234: SyntaxWarning: name 'debug' is assigned to before global declaration
  global debug
DEBUG:soaplib.core.service:building public methods
DEBUG:soaplib._base:adding method '{entitylink}entitylinking'
DEBUG:soaplib._base:Unicode strings with encoding declaration are not supported. Please use bytes input or XML fragments without declaration. -- falling back to str decoding.
DEBUG:soaplib._base:[92mMethod name: '{entitylink}entitylinking'[0m
127.0.0.1 - - [16/Mar/2016 10:11:02] "POST /EntityLinking?wsdl HTTP/1.0" 200 1072
DEBUG:soaplib._base:Unicode strings with encoding declaration are not supported. Please use bytes input or XML fragments without declaration. -- falling back to str decoding.
DEBUG:soaplib._base:[92mMethod name: '{entitylink}entitylinking'[0m
127.0.0.1 - - [16/Mar/2016 15:15:21] "POST /EntityLinking?wsdl HTTP/1.0" 200 1174
DEBUG:soaplib._base:Unicode strings with encoding declaration are not supported. Please use bytes input or XML fragments without declaration. -- falling back to str decoding.
DEBUG:soaplib._base:[92mMethod name: '{entitylink}entitylinking'[0m
debugging...
soap server starting......
-1(none) for entiry not found;
0(Polysemants) for list page;
1(Polysemant and content) for page with Polysemant;
5(content and label and url not Polysemant maybe synonym) for unique page
é‚“å°åˆš
==============================================================
status:1
æ¹–å—å•†å­¦é™¢è®¾è®¡è‰ºæœ¯å­¦é™¢æ•™å¸ˆ	http://baike.baidu.com//subview/622261/9861080.htm
å¤®è§†åˆ¶ç‰‡	http://baike.baidu.com//subview/622261/9404193.htm
è¥¿è—è‡ªæ²»åŒºå…šå§”å‰¯ä¹¦è®°ã€æ”¿æ³•å§”ä¹¦è®°	http://baike.baidu.com/search/word?word=%E9%82%93%E5%B0%8F%E5%88%9A
ä¸­å›½ç©ºæ°”åŠ¨åŠ›å­¦ä¸“å®¶	http://baike.baidu.com//subview/622261/7712888.htm
æµ·å—çœç”Ÿæ€ç¯å¢ƒä¿æŠ¤å…å…šç»„ä¹¦è®°ã€å…é•¿	http://baike.baidu.com//subview/622261/7712887.htm
==============================================================


ç©ºæ°”
==============================================================
status:1
é‡‘è2005å¹´å‘è¡Œä¸“è¾‘	http://baike.baidu.com//subview/10696/5069813.htm
åœ°çƒå‘¨å›´æ°”ä½“	http://baike.baidu.com/search/word?word=%E7%A9%BA%E6%B0%94
2015å¹´è¯ºæ›¼Â·ç‘æœæ–¯ä¸»æ¼”ç§‘å¹»ç”µå½±	http://baike.baidu.com//item/%E7%A9%BA%E6%B0%94/16682978
é™ˆçŠå¦®æ¼”å”±æ­Œæ›²	http://baike.baidu.com//item/%E7%A9%BA%E6%B0%94/17857821
å¤©æ°”é¢„æŠ¥æ‰‹æœºè½¯ä»¶	http://baike.baidu.com//item/%E7%A9%BA%E6%B0%94/17665120
æ±‰è¯­è¯è¯­	http://baike.baidu.com//subview/10696/5069811.htm
é‡‘èæ¼”å”±æ­Œæ›²	http://baike.baidu.com//subview/10696/5069814.htm
Minecraftçš„é€æ˜æ–¹å—	http://baike.baidu.com//item/%E7%A9%BA%E6%B0%94/18150378
==============================================================


é‚“å°åˆš	ä¸­å›½ç©ºæ°”åŠ¨åŠ›å­¦ä¸“å®¶	http://baike.baidu.com//subview/622261/7712888.htm
ç©ºæ°”	Minecraftçš„é€æ˜æ–¹å—	http://baike.baidu.com//item/%E7%A9%BA%E6%B0%94/18150378
-1(none) for entiry not found;
0(Polysemants) for list page;
1(Polysemant and content) for page with Polysemant;
5(content and label and url not Polysemant maybe synonym) for unique page
é‚“å°åˆš
==============================================================
status:1
æ¹–å—å•†å­¦é™¢è®¾è®¡è‰ºæœ¯å­¦é™¢æ•™å¸ˆ	http://baike.baidu.com//subview/622261/9861080.htm<-- not exist
å¤®è§†åˆ¶ç‰‡	http://baike.baidu.com//subview/622261/9404193.htm<-- not exist
è¥¿è—è‡ªæ²»åŒºå…šå§”å‰¯ä¹¦è®°ã€æ”¿æ³•å§”ä¹¦è®°	http://baike.baidu.com/search/word?word=%E9%82%93%E5%B0%8F%E5%88%9A
ä¸­å›½ç©ºæ°”åŠ¨åŠ›å­¦ä¸“å®¶	http://baike.baidu.com//subview/622261/7712888.htm<-- not exist
æµ·å—çœç”Ÿæ€ç¯å¢ƒä¿æŠ¤å…å…šç»„ä¹¦è®°ã€å…é•¿	http://baike.baidu.com//subview/622261/7712887.htm<-- not exist
==============================================================


ç©ºæ°”
==============================================================
status:1
é‡‘è2005å¹´å‘è¡Œä¸“è¾‘	http://baike.baidu.com//subview/10696/5069813.htm
åœ°çƒå‘¨å›´æ°”ä½“	http://baike.baidu.com/search/word?word=%E7%A9%BA%E6%B0%94
2015å¹´è¯ºæ›¼Â·ç‘æœæ–¯ä¸»æ¼”ç§‘å¹»ç”µå½±	http://baike.baidu.com//item/%E7%A9%BA%E6%B0%94/16682978
é™ˆçŠå¦®æ¼”å”±æ­Œæ›²	http://baike.baidu.com//item/%E7%A9%BA%E6%B0%94/17857821<-- not exist
å¤©æ°”é¢„æŠ¥æ‰‹æœºè½¯ä»¶	http://baike.baidu.com//item/%E7%A9%BA%E6%B0%94/17665120<-- not exist
æ±‰è¯­è¯è¯­	http://baike.baidu.com//subview/10696/5069811.htm<-- not exist
é‡‘èæ¼”å”±æ­Œæ›²	http://baike.baidu.com//subview/10696/5069814.htm<-- not exist
Minecraftçš„é€æ˜æ–¹å—	http://baike.baidu.com//item/%E7%A9%BA%E6%B0%94/18150378<-- not exist
==============================================================


é‚“å°åˆš	è¥¿è—è‡ªæ²»åŒºå…šå§”å‰¯ä¹¦è®°ã€æ”¿æ³•å§”ä¹¦è®°	http://baike.baidu.com/search/word?word=%E9%82%93%E5%B0%8F%E5%88%9A
ç©ºæ°”	2015å¹´è¯ºæ›¼Â·ç‘æœæ–¯ä¸»æ¼”ç§‘å¹»ç”µå½±	http://baike.baidu.com//item/%E7%A9%BA%E6%B0%94/16682978
-1(none) for entiry not found;
0(Polysemants) for list page;
1(Polysemant and content) for page with Polysemant;
5(content and label and url not Polysemant maybe synonym) for unique page
é‚“å°åˆš
==============================================================
status:1
æ¹–å—å•†å­¦é™¢è®¾è®¡è‰ºæœ¯å­¦é™¢æ•™å¸ˆ	http://baike.baidu.com//subview/622261/9861080.htm<-- not exist
å¤®è§†åˆ¶ç‰‡	http://baike.baidu.